<?xml version="1.0" encoding="UTF-8"?>
<testsuites name="DemoLogin" time="112.537" tests="2" failures="0" errors="0">
   <testsuite name="DemoLogin" tests="2" failures="0" errors="0" time="112.537" skipped="0" timestamp="26-06-2024T14:36:05" hostname="marwa - 192.168.1.4" id="Test Suites/DemoLogin">
      <properties>
[...]
</properties>
      <testcase name="Test Cases/Demo tests/Test1_RecordMode" time="68.679" classname="Test Cases/Demo tests/Test1_RecordMode" status="PASSED">
         <system-out><![CDATA[26-06-2024T14:36:05 - [TEST_CASE][PASSED] - Test Cases/Demo tests/Test1_RecordMode: Test Cases/Demo tests/Test1_RecordMode

26-06-2024T14:36:05 - [TEST_STEP][PASSED] - Start listener action : sampleBeforeTestCase: null

26-06-2024T14:36:05 - [TEST_STEP][PASSED] - println("i am in before test case in test listener"): null

26-06-2024T14:36:06 - [TEST_STEP][PASSED] - openBrowser(""): Browser is opened with url: ''

26-06-2024T14:36:06 - [MESSAGE][INFO] - User set preference: ['os', 'windows']

26-06-2024T14:36:06 - [MESSAGE][INFO] - User set preference: ['browserName', 'chrome']

26-06-2024T14:36:06 - [MESSAGE][INFO] - User set preference: ['browserVersion', '124']

26-06-2024T14:36:06 - [MESSAGE][INFO] - User set preference: ['katalon:option', '{organizationId=1342275, tunnelId=, usingTunnel=false}']

26-06-2024T14:36:06 - [MESSAGE][INFO] - Connecting to remote web server 'testcloud.katalon.com/hub' with type 'Selenium'

26-06-2024T14:36:07 - [MESSAGE][INFO] - Action delay is set to 0 milliseconds

26-06-2024T14:36:30 - [MESSAGE][PASSED] - Browser is opened with url: ''

26-06-2024T14:36:30 - [TEST_STEP][PASSED] - navigateToUrl("https://katalon-demo-cura.herokuapp.com/"): Navigate to 'https://katalon-demo-cura.herokuapp.com/' successfully

26-06-2024T14:36:31 - [MESSAGE][PASSED] - Navigate to 'https://katalon-demo-cura.herokuapp.com/' successfully

26-06-2024T14:36:31 - [TEST_STEP][PASSED] - click(findTestObject("Object Repository/Page_CURA Healthcare Service/a_Make Appointment")): Object: 'Object Repository/Page_CURA Healthcare Service/a_Make Appointment' is clicked on

26-06-2024T14:36:33 - [MESSAGE][PASSED] - Object: 'Object Repository/Page_CURA Healthcare Service/a_Make Appointment' is clicked on

26-06-2024T14:36:33 - [TEST_STEP][PASSED] - setText(findTestObject("Object Repository/Page_CURA Healthcare Service/input_Username_username"), username): Text 'John Doe' is set on object 'Object Repository/Page_CURA Healthcare Service/input_Username_username'

26-06-2024T14:36:38 - [MESSAGE][PASSED] - Text 'John Doe' is set on object 'Object Repository/Page_CURA Healthcare Service/input_Username_username'

26-06-2024T14:36:38 - [TEST_STEP][PASSED] - setEncryptedText(findTestObject("Object Repository/Page_CURA Healthcare Service/input_Password_password"), "9NLz+4tGZcQ="): Text ****** has been set on object 'Object Repository/Page_CURA Healthcare Service/input_Password_password'

26-06-2024T14:36:40 - [MESSAGE][PASSED] - Text ****** has been set on object 'Object Repository/Page_CURA Healthcare Service/input_Password_password'

26-06-2024T14:36:40 - [TEST_STEP][PASSED] - click(findTestObject("Object Repository/Page_CURA Healthcare Service/div_Demo account_form-group")): Object: 'Object Repository/Page_CURA Healthcare Service/div_Demo account_form-group' is clicked on

26-06-2024T14:36:42 - [MESSAGE][PASSED] - Object: 'Object Repository/Page_CURA Healthcare Service/div_Demo account_form-group' is clicked on

26-06-2024T14:36:42 - [TEST_STEP][PASSED] - setEncryptedText(findTestObject("Object Repository/Page_CURA Healthcare Service/input_Password_password"), "g3/DOGG74jC3Flrr3yH+3D/yKbOqqUNM"): Text ****** has been set on object 'Object Repository/Page_CURA Healthcare Service/input_Password_password'

26-06-2024T14:36:45 - [MESSAGE][PASSED] - Text ****** has been set on object 'Object Repository/Page_CURA Healthcare Service/input_Password_password'

26-06-2024T14:36:45 - [TEST_STEP][PASSED] - click(findTestObject("Object Repository/Page_CURA Healthcare Service/button_Login")): Object: 'Object Repository/Page_CURA Healthcare Service/button_Login' is clicked on

26-06-2024T14:36:47 - [MESSAGE][PASSED] - Object: 'Object Repository/Page_CURA Healthcare Service/button_Login' is clicked on

26-06-2024T14:36:47 - [TEST_STEP][PASSED] - selectOptionByValue(findTestObject("Object Repository/Page_CURA Healthcare Service/select_Tokyo CURA Healthcare Center        _5b4107"), "Hongkong CURA Healthcare Center", true): All options with value 'Hongkong CURA Healthcare Center' are selected in object 'Object Repository/Page_CURA Healthcare Service/select_Tokyo CURA Healthcare Center        _5b4107'  using regular expression

26-06-2024T14:36:58 - [MESSAGE][PASSED] - All options with value 'Hongkong CURA Healthcare Center' are selected in object 'Object Repository/Page_CURA Healthcare Service/select_Tokyo CURA Healthcare Center        _5b4107'  using regular expression

26-06-2024T14:36:58 - [TEST_STEP][PASSED] - waitForPageLoad(5): Wait for page load successfully

26-06-2024T14:36:58 - [MESSAGE][PASSED] - Wait for page load successfully

26-06-2024T14:36:58 - [TEST_STEP][PASSED] - click(findTestObject("Object Repository/Page_CURA Healthcare Service/input_Apply for hospital readmission_hospit_63901f")): Object: 'Object Repository/Page_CURA Healthcare Service/input_Apply for hospital readmission_hospit_63901f' is clicked on

26-06-2024T14:37:01 - [MESSAGE][PASSED] - Object: 'Object Repository/Page_CURA Healthcare Service/input_Apply for hospital readmission_hospit_63901f' is clicked on

26-06-2024T14:37:01 - [TEST_STEP][PASSED] - click(findTestObject("Object Repository/Page_CURA Healthcare Service/span_Visit Date (Required)_glyphicon glyphi_cada34")): Object: 'Object Repository/Page_CURA Healthcare Service/span_Visit Date (Required)_glyphicon glyphi_cada34' is clicked on

26-06-2024T14:37:03 - [MESSAGE][PASSED] - Object: 'Object Repository/Page_CURA Healthcare Service/span_Visit Date (Required)_glyphicon glyphi_cada34' is clicked on

26-06-2024T14:37:03 - [TEST_STEP][PASSED] - click(findTestObject("Object Repository/Page_CURA Healthcare Service/td_26")): Object: 'Object Repository/Page_CURA Healthcare Service/td_26' is clicked on

26-06-2024T14:37:05 - [MESSAGE][PASSED] - Object: 'Object Repository/Page_CURA Healthcare Service/td_26' is clicked on

26-06-2024T14:37:05 - [TEST_STEP][PASSED] - setText(findTestObject("Object Repository/Page_CURA Healthcare Service/textarea_Comment_comment"), "connet"): Text 'connet' is set on object 'Object Repository/Page_CURA Healthcare Service/textarea_Comment_comment'

26-06-2024T14:37:09 - [MESSAGE][PASSED] - Text 'connet' is set on object 'Object Repository/Page_CURA Healthcare Service/textarea_Comment_comment'

26-06-2024T14:37:09 - [TEST_STEP][PASSED] - rightClick(findTestObject("Object Repository/Page_CURA Healthcare Service/textarea_Comment_comment")): Object: 'Object Repository/Page_CURA Healthcare Service/textarea_Comment_comment' is right clicked on

26-06-2024T14:37:12 - [MESSAGE][PASSED] - Object: 'Object Repository/Page_CURA Healthcare Service/textarea_Comment_comment' is right clicked on

26-06-2024T14:37:12 - [TEST_STEP][PASSED] - closeBrowser(): Browser is closed

26-06-2024T14:37:14 - [MESSAGE][PASSED] - Browser is closed

26-06-2024T14:37:14 - [TEST_STEP][PASSED] - Start listener action : sampleAfterTestCase: null

26-06-2024T14:37:14 - [TEST_STEP][PASSED] - println("i am in after test case in test listener"): null]]></system-out>
         <system-err><![CDATA[]]></system-err>
      </testcase>
      <testcase name="Test Cases/Demo tests/Test7_callableTestLogin" time="43.457" classname="Test Cases/Demo tests/Test7_callableTestLogin" status="PASSED">
         <system-out><![CDATA[26-06-2024T14:37:14 - [TEST_CASE][PASSED] - Test Cases/Demo tests/Test7_callableTestLogin: Test Cases/Demo tests/Test7_callableTestLogin

26-06-2024T14:37:14 - [TEST_STEP][PASSED] - Start listener action : sampleBeforeTestCase: null

26-06-2024T14:37:14 - [TEST_STEP][PASSED] - println("i am in before test case in test listener"): null

26-06-2024T14:37:14 - [TEST_STEP][PASSED] - openBrowser(""): Browser is opened with url: ''

26-06-2024T14:37:14 - [MESSAGE][INFO] - User set preference: ['os', 'windows']

26-06-2024T14:37:14 - [MESSAGE][INFO] - User set preference: ['browserName', 'chrome']

26-06-2024T14:37:14 - [MESSAGE][INFO] - User set preference: ['browserVersion', '124']

26-06-2024T14:37:14 - [MESSAGE][INFO] - User set preference: ['katalon:option', '{organizationId=1342275, tunnelId=, usingTunnel=false}']

26-06-2024T14:37:14 - [MESSAGE][INFO] - Connecting to remote web server 'testcloud.katalon.com/hub' with type 'Selenium'

26-06-2024T14:37:14 - [MESSAGE][INFO] - Action delay is set to 0 milliseconds

26-06-2024T14:37:36 - [MESSAGE][PASSED] - Browser is opened with url: ''

26-06-2024T14:37:36 - [TEST_STEP][PASSED] - navigateToUrl("https://qa.saudiesports.sa/"): Navigate to 'https://qa.saudiesports.sa/' successfully

26-06-2024T14:37:38 - [MESSAGE][PASSED] - Navigate to 'https://qa.saudiesports.sa/' successfully

26-06-2024T14:37:38 - [TEST_STEP][PASSED] - maximizeWindow(): Current window maximized

26-06-2024T14:37:39 - [MESSAGE][PASSED] - Current window maximized

26-06-2024T14:37:39 - [TEST_STEP][PASSED] - click(findTestObject("Page_Esports/button_Login")): Object: 'Object Repository/Page_Esports/button_Login' is clicked on

26-06-2024T14:37:43 - [MESSAGE][PASSED] - Object: 'Object Repository/Page_Esports/button_Login' is clicked on

26-06-2024T14:37:43 - [TEST_STEP][PASSED] - setText(findTestObject("Object Repository/Page_Sign in to - Saudi Esports Federation/input__email"), "admin@saudiesports.sa"): Text 'admin@saudiesports.sa' is set on object 'Object Repository/Page_Sign in to - Saudi Esports Federation/input__email'

26-06-2024T14:37:48 - [MESSAGE][PASSED] - Text 'admin@saudiesports.sa' is set on object 'Object Repository/Page_Sign in to - Saudi Esports Federation/input__email'

26-06-2024T14:37:48 - [TEST_STEP][PASSED] - setEncryptedText(findTestObject("Object Repository/Page_Sign in to - Saudi Esports Federation/input__password"), "9NLz+4tGZcQ="): Text ****** has been set on object 'Object Repository/Page_Sign in to - Saudi Esports Federation/input__password'

26-06-2024T14:37:50 - [MESSAGE][PASSED] - Text ****** has been set on object 'Object Repository/Page_Sign in to - Saudi Esports Federation/input__password'

26-06-2024T14:37:50 - [TEST_STEP][PASSED] - click(findTestObject("Object Repository/Page_Sign in to - Saudi Esports Federation/form_Log In                    Welcome to E_27c9fa")): Object: 'Object Repository/Page_Sign in to - Saudi Esports Federation/form_Log In                    Welcome to E_27c9fa' is clicked on

26-06-2024T14:37:52 - [MESSAGE][PASSED] - Object: 'Object Repository/Page_Sign in to - Saudi Esports Federation/form_Log In                    Welcome to E_27c9fa' is clicked on

26-06-2024T14:37:52 - [TEST_STEP][PASSED] - setEncryptedText(findTestObject("Object Repository/Page_Sign in to - Saudi Esports Federation/input__password"), "HwXnxaZD17M="): Text ****** has been set on object 'Object Repository/Page_Sign in to - Saudi Esports Federation/input__password'

26-06-2024T14:37:55 - [MESSAGE][PASSED] - Text ****** has been set on object 'Object Repository/Page_Sign in to - Saudi Esports Federation/input__password'

26-06-2024T14:37:55 - [TEST_STEP][PASSED] - click(findTestObject("Object Repository/Page_Sign in to - Saudi Esports Federation/input__login")): Object: 'Object Repository/Page_Sign in to - Saudi Esports Federation/input__login' is clicked on

26-06-2024T14:37:57 - [MESSAGE][PASSED] - Object: 'Object Repository/Page_Sign in to - Saudi Esports Federation/input__login' is clicked on

26-06-2024T14:37:57 - [TEST_STEP][PASSED] - Start listener action : sampleAfterTestCase: null

26-06-2024T14:37:57 - [TEST_STEP][PASSED] - println("i am in after test case in test listener"): null]]></system-out>
         <system-err><![CDATA[]]></system-err>
      </testcase>
      <system-out><![CDATA[26-06-2024T14:36:05 - [TEST_SUITE][PASSED] - DemoLogin: Test Cases/Demo tests/Test7_callableTestLogin]]></system-out>
      <system-err><![CDATA[]]></system-err>
   </testsuite>
</testsuites>
